2016-01-18 10:39:05 [ERROR] : [2016-01-18 10:39:05]msg:Unknown column 'frds' in 'field list';file:G:\WebStation\frdsyst\initphp\initphp.php;line:609;code:throw new exceptionInit($msg, $code);
2016-01-18 10:46:23 [ERROR] : [2016-01-18 10:46:23]msg:Unknown column 'frds' in 'field list';file:G:\WebStation\frdsyst\initphp\initphp.php;line:609;code:throw new exceptionInit($msg, $code);
2016-01-18 10:46:29 [ERROR] : [2016-01-18 10:46:29]msg:Unknown column 'frds' in 'field list';file:G:\WebStation\frdsyst\initphp\initphp.php;line:609;code:throw new exceptionInit($msg, $code);
2016-01-18 10:46:29 [ERROR] : [2016-01-18 10:46:29]msg:Unknown column 'frds' in 'field list';file:G:\WebStation\frdsyst\initphp\initphp.php;line:609;code:throw new exceptionInit($msg, $code);
2016-01-18 10:46:30 [ERROR] : [2016-01-18 10:46:30]msg:Unknown column 'frds' in 'field list';file:G:\WebStation\frdsyst\initphp\initphp.php;line:609;code:throw new exceptionInit($msg, $code);
2016-01-18 10:46:30 [ERROR] : [2016-01-18 10:46:30]msg:Unknown column 'frds' in 'field list';file:G:\WebStation\frdsyst\initphp\initphp.php;line:609;code:throw new exceptionInit($msg, $code);
2016-01-18 10:46:31 [ERROR] : [2016-01-18 10:46:31]msg:Unknown column 'frds' in 'field list';file:G:\WebStation\frdsyst\initphp\initphp.php;line:609;code:throw new exceptionInit($msg, $code);
2016-01-18 10:53:56 [ERROR] : [2016-01-18 10:53:56]msg:Cannot add or update a child row: a foreign key constraint fails (`test2`.`user_friends`, CONSTRAINT `FK_Reference_22` FOREIGN KEY (`uid`) REFERENCES `oauth2_users` (`id`));file:G:\WebStation\frdsyst\initphp\initphp.php;line:609;code:throw new exceptionInit($msg, $code);
2016-01-18 10:55:09 [ERROR] : [2016-01-18 10:55:09]msg:Cannot add or update a child row: a foreign key constraint fails (`test2`.`user_friends`, CONSTRAINT `FK_Reference_22` FOREIGN KEY (`uid`) REFERENCES `oauth2_users` (`id`));file:G:\WebStation\frdsyst\initphp\initphp.php;line:609;code:throw new exceptionInit($msg, $code);
2016-01-18 10:55:37 [ERROR] : [2016-01-18 10:55:37]msg:Cannot add or update a child row: a foreign key constraint fails (`test2`.`user_friends`, CONSTRAINT `FK_Reference_22` FOREIGN KEY (`uid`) REFERENCES `oauth2_users` (`id`));file:G:\WebStation\frdsyst\initphp\initphp.php;line:609;code:throw new exceptionInit($msg, $code);
2016-01-18 10:55:38 [ERROR] : [2016-01-18 10:55:38]msg:Cannot add or update a child row: a foreign key constraint fails (`test2`.`user_friends`, CONSTRAINT `FK_Reference_22` FOREIGN KEY (`uid`) REFERENCES `oauth2_users` (`id`));file:G:\WebStation\frdsyst\initphp\initphp.php;line:609;code:throw new exceptionInit($msg, $code);
2016-01-18 10:55:39 [ERROR] : [2016-01-18 10:55:39]msg:Cannot add or update a child row: a foreign key constraint fails (`test2`.`user_friends`, CONSTRAINT `FK_Reference_22` FOREIGN KEY (`uid`) REFERENCES `oauth2_users` (`id`));file:G:\WebStation\frdsyst\initphp\initphp.php;line:609;code:throw new exceptionInit($msg, $code);
2016-01-18 10:55:39 [ERROR] : [2016-01-18 10:55:39]msg:Cannot add or update a child row: a foreign key constraint fails (`test2`.`user_friends`, CONSTRAINT `FK_Reference_22` FOREIGN KEY (`uid`) REFERENCES `oauth2_users` (`id`));file:G:\WebStation\frdsyst\initphp\initphp.php;line:609;code:throw new exceptionInit($msg, $code);
2016-01-18 10:55:39 [ERROR] : [2016-01-18 10:55:39]msg:Cannot add or update a child row: a foreign key constraint fails (`test2`.`user_friends`, CONSTRAINT `FK_Reference_22` FOREIGN KEY (`uid`) REFERENCES `oauth2_users` (`id`));file:G:\WebStation\frdsyst\initphp\initphp.php;line:609;code:throw new exceptionInit($msg, $code);
2016-01-18 10:55:40 [ERROR] : [2016-01-18 10:55:40]msg:Cannot add or update a child row: a foreign key constraint fails (`test2`.`user_friends`, CONSTRAINT `FK_Reference_22` FOREIGN KEY (`uid`) REFERENCES `oauth2_users` (`id`));file:G:\WebStation\frdsyst\initphp\initphp.php;line:609;code:throw new exceptionInit($msg, $code);
2016-01-18 11:00:31 [ERROR] : [2016-01-18 11:00:31]msg:Unknown column 'frds' in 'field list';file:G:\WebStation\frdsyst\initphp\initphp.php;line:609;code:throw new exceptionInit($msg, $code);
2016-01-18 11:12:50 [ERROR] : [2016-01-18 11:12:50]msg:Unknown column 'frds' in 'field list';file:G:\WebStation\frdsyst\initphp\initphp.php;line:609;code:throw new exceptionInit($msg, $code);
2016-01-18 11:20:22 [ERROR] : [2016-01-18 11:20:22]msg:Unknown column 'frds' in 'field list';file:G:\WebStation\frdsyst\initphp\initphp.php;line:609;code:throw new exceptionInit($msg, $code);
2016-01-18 11:21:39 [ERROR] : [2016-01-18 11:21:39]msg:Unknown column 'frds' in 'field list';file:G:\WebStation\frdsyst\initphp\initphp.php;line:609;code:throw new exceptionInit($msg, $code);
2016-01-18 11:21:40 [ERROR] : [2016-01-18 11:21:40]msg:Unknown column 'frds' in 'field list';file:G:\WebStation\frdsyst\initphp\initphp.php;line:609;code:throw new exceptionInit($msg, $code);
2016-01-18 11:21:40 [ERROR] : [2016-01-18 11:21:40]msg:Unknown column 'frds' in 'field list';file:G:\WebStation\frdsyst\initphp\initphp.php;line:609;code:throw new exceptionInit($msg, $code);
2016-01-18 11:21:40 [ERROR] : [2016-01-18 11:21:40]msg:Unknown column 'frds' in 'field list';file:G:\WebStation\frdsyst\initphp\initphp.php;line:609;code:throw new exceptionInit($msg, $code);
2016-01-18 11:21:40 [ERROR] : [2016-01-18 11:21:40]msg:Unknown column 'frds' in 'field list';file:G:\WebStation\frdsyst\initphp\initphp.php;line:609;code:throw new exceptionInit($msg, $code);
2016-01-18 11:21:41 [ERROR] : [2016-01-18 11:21:41]msg:Unknown column 'frds' in 'field list';file:G:\WebStation\frdsyst\initphp\initphp.php;line:609;code:throw new exceptionInit($msg, $code);
2016-01-18 11:21:41 [ERROR] : [2016-01-18 11:21:41]msg:Unknown column 'frds' in 'field list';file:G:\WebStation\frdsyst\initphp\initphp.php;line:609;code:throw new exceptionInit($msg, $code);
2016-01-18 11:26:30 [ERROR] : [2016-01-18 11:26:30]msg:Unknown column 'frds' in 'field list';file:G:\WebStation\frdsyst\initphp\initphp.php;line:609;code:throw new exceptionInit($msg, $code);
2016-01-18 11:27:24 [ERROR] : [2016-01-18 11:27:24]msg:Unknown column 'frds' in 'field list';file:G:\WebStation\frdsyst\initphp\initphp.php;line:609;code:throw new exceptionInit($msg, $code);
2016-01-18 11:27:44 [ERROR] : [2016-01-18 11:27:44]msg:Unknown column 'frds' in 'field list';file:G:\WebStation\frdsyst\initphp\initphp.php;line:609;code:throw new exceptionInit($msg, $code);
2016-01-18 11:27:45 [ERROR] : [2016-01-18 11:27:45]msg:Unknown column 'frds' in 'field list';file:G:\WebStation\frdsyst\initphp\initphp.php;line:609;code:throw new exceptionInit($msg, $code);
2016-01-18 11:27:45 [ERROR] : [2016-01-18 11:27:45]msg:Unknown column 'frds' in 'field list';file:G:\WebStation\frdsyst\initphp\initphp.php;line:609;code:throw new exceptionInit($msg, $code);
2016-01-18 11:27:46 [ERROR] : [2016-01-18 11:27:46]msg:Unknown column 'frds' in 'field list';file:G:\WebStation\frdsyst\initphp\initphp.php;line:609;code:throw new exceptionInit($msg, $code);
2016-01-18 11:27:55 [ERROR] : [2016-01-18 11:27:55]msg:Unknown column 'frds' in 'field list';file:G:\WebStation\frdsyst\initphp\initphp.php;line:609;code:throw new exceptionInit($msg, $code);
2016-01-18 11:27:56 [ERROR] : [2016-01-18 11:27:56]msg:Unknown column 'frds' in 'field list';file:G:\WebStation\frdsyst\initphp\initphp.php;line:609;code:throw new exceptionInit($msg, $code);
2016-01-18 11:28:47 [ERROR] : [2016-01-18 11:28:47]msg:Unknown column 'frds' in 'field list';file:G:\WebStation\frdsyst\initphp\initphp.php;line:609;code:throw new exceptionInit($msg, $code);
2016-01-18 11:31:46 [ERROR] : [2016-01-18 11:31:46]msg:Cannot add or update a child row: a foreign key constraint fails (`test2`.`user_friends`, CONSTRAINT `FK_Reference_22` FOREIGN KEY (`uid`) REFERENCES `oauth2_users` (`id`));file:G:\WebStation\frdsyst\initphp\initphp.php;line:609;code:throw new exceptionInit($msg, $code);
2016-01-18 11:42:36 [ERROR] : [2016-01-18 11:42:36]msg:Unknown column 'frds' in 'field list';file:G:\WebStation\frdsyst\initphp\initphp.php;line:609;code:throw new exceptionInit($msg, $code);
2016-01-18 11:46:04 [ERROR] : [2016-01-18 11:46:04]msg:Unknown column 'frds' in 'field list';file:G:\WebStation\frdsyst\initphp\initphp.php;line:609;code:throw new exceptionInit($msg, $code);
2016-01-18 11:46:05 [ERROR] : [2016-01-18 11:46:05]msg:Unknown column 'frds' in 'field list';file:G:\WebStation\frdsyst\initphp\initphp.php;line:609;code:throw new exceptionInit($msg, $code);
2016-01-18 11:46:06 [ERROR] : [2016-01-18 11:46:06]msg:Unknown column 'frds' in 'field list';file:G:\WebStation\frdsyst\initphp\initphp.php;line:609;code:throw new exceptionInit($msg, $code);
2016-01-18 11:46:06 [ERROR] : [2016-01-18 11:46:06]msg:Unknown column 'frds' in 'field list';file:G:\WebStation\frdsyst\initphp\initphp.php;line:609;code:throw new exceptionInit($msg, $code);
2016-01-18 11:46:06 [ERROR] : [2016-01-18 11:46:06]msg:Unknown column 'frds' in 'field list';file:G:\WebStation\frdsyst\initphp\initphp.php;line:609;code:throw new exceptionInit($msg, $code);
2016-01-18 11:46:06 [ERROR] : [2016-01-18 11:46:06]msg:Unknown column 'frds' in 'field list';file:G:\WebStation\frdsyst\initphp\initphp.php;line:609;code:throw new exceptionInit($msg, $code);
2016-01-18 11:46:07 [ERROR] : [2016-01-18 11:46:07]msg:Unknown column 'frds' in 'field list';file:G:\WebStation\frdsyst\initphp\initphp.php;line:609;code:throw new exceptionInit($msg, $code);
2016-01-18 11:46:56 [ERROR] : [2016-01-18 11:46:56]msg:Unknown column 'frds' in 'field list';file:G:\WebStation\frdsyst\initphp\initphp.php;line:609;code:throw new exceptionInit($msg, $code);
2016-01-18 11:47:26 [ERROR] : [2016-01-18 11:47:26]msg:Unknown column 'frds' in 'field list';file:G:\WebStation\frdsyst\initphp\initphp.php;line:609;code:throw new exceptionInit($msg, $code);
2016-01-18 11:47:27 [ERROR] : [2016-01-18 11:47:27]msg:Unknown column 'frds' in 'field list';file:G:\WebStation\frdsyst\initphp\initphp.php;line:609;code:throw new exceptionInit($msg, $code);
2016-01-18 11:47:37 [ERROR] : [2016-01-18 11:47:37]msg:Unknown column 'frds' in 'field list';file:G:\WebStation\frdsyst\initphp\initphp.php;line:609;code:throw new exceptionInit($msg, $code);
2016-01-18 11:48:10 [ERROR] : [2016-01-18 11:48:10]msg:Unknown column 'frds' in 'field list';file:G:\WebStation\frdsyst\initphp\initphp.php;line:609;code:throw new exceptionInit($msg, $code);
2016-01-18 11:48:54 [ERROR] : [2016-01-18 11:48:54]msg:Cannot add or update a child row: a foreign key constraint fails (`test2`.`user_friends`, CONSTRAINT `FK_Reference_10` FOREIGN KEY (`uid`) REFERENCES `users` (`uid`));file:G:\WebStation\frdsyst\initphp\initphp.php;line:609;code:throw new exceptionInit($msg, $code);
2016-01-18 11:48:55 [ERROR] : [2016-01-18 11:48:55]msg:Cannot add or update a child row: a foreign key constraint fails (`test2`.`user_friends`, CONSTRAINT `FK_Reference_10` FOREIGN KEY (`uid`) REFERENCES `users` (`uid`));file:G:\WebStation\frdsyst\initphp\initphp.php;line:609;code:throw new exceptionInit($msg, $code);
2016-01-18 11:48:55 [ERROR] : [2016-01-18 11:48:55]msg:Cannot add or update a child row: a foreign key constraint fails (`test2`.`user_friends`, CONSTRAINT `FK_Reference_10` FOREIGN KEY (`uid`) REFERENCES `users` (`uid`));file:G:\WebStation\frdsyst\initphp\initphp.php;line:609;code:throw new exceptionInit($msg, $code);
2016-01-18 11:48:56 [ERROR] : [2016-01-18 11:48:56]msg:Cannot add or update a child row: a foreign key constraint fails (`test2`.`user_friends`, CONSTRAINT `FK_Reference_10` FOREIGN KEY (`uid`) REFERENCES `users` (`uid`));file:G:\WebStation\frdsyst\initphp\initphp.php;line:609;code:throw new exceptionInit($msg, $code);
2016-01-18 11:48:56 [ERROR] : [2016-01-18 11:48:56]msg:Cannot add or update a child row: a foreign key constraint fails (`test2`.`user_friends`, CONSTRAINT `FK_Reference_10` FOREIGN KEY (`uid`) REFERENCES `users` (`uid`));file:G:\WebStation\frdsyst\initphp\initphp.php;line:609;code:throw new exceptionInit($msg, $code);
2016-01-18 11:48:57 [ERROR] : [2016-01-18 11:48:57]msg:Cannot add or update a child row: a foreign key constraint fails (`test2`.`user_friends`, CONSTRAINT `FK_Reference_10` FOREIGN KEY (`uid`) REFERENCES `users` (`uid`));file:G:\WebStation\frdsyst\initphp\initphp.php;line:609;code:throw new exceptionInit($msg, $code);
2016-01-18 11:48:58 [ERROR] : [2016-01-18 11:48:58]msg:Cannot add or update a child row: a foreign key constraint fails (`test2`.`user_friends`, CONSTRAINT `FK_Reference_10` FOREIGN KEY (`uid`) REFERENCES `users` (`uid`));file:G:\WebStation\frdsyst\initphp\initphp.php;line:609;code:throw new exceptionInit($msg, $code);
2016-01-18 11:48:58 [ERROR] : [2016-01-18 11:48:58]msg:Cannot add or update a child row: a foreign key constraint fails (`test2`.`user_friends`, CONSTRAINT `FK_Reference_10` FOREIGN KEY (`uid`) REFERENCES `users` (`uid`));file:G:\WebStation\frdsyst\initphp\initphp.php;line:609;code:throw new exceptionInit($msg, $code);
2016-01-18 11:52:53 [ERROR] : [2016-01-18 11:52:53]msg:You have an error in your SQL syntax; check the manual that corresponds to your MySQL server version for the right syntax to use near 'WHERE  `uid`  =  '16'  LIMIT 1' at line 1;file:G:\WebStation\frdsyst\initphp\initphp.php;line:609;code:throw new exceptionInit($msg, $code);
2016-01-18 11:53:07 [ERROR] : [2016-01-18 11:53:07]msg:You have an error in your SQL syntax; check the manual that corresponds to your MySQL server version for the right syntax to use near 'WHERE  `uid`  =  '16'  LIMIT 1' at line 1;file:G:\WebStation\frdsyst\initphp\initphp.php;line:609;code:throw new exceptionInit($msg, $code);
2016-01-18 12:59:12 [ERROR] : [2016-01-18 12:59:12]msg:Unknown column 'frds' in 'field list';file:G:\WebStation\frdsyst\initphp\initphp.php;line:609;code:throw new exceptionInit($msg, $code);
2016-01-18 12:59:14 [ERROR] : [2016-01-18 12:59:14]msg:Unknown column 'frds' in 'field list';file:G:\WebStation\frdsyst\initphp\initphp.php;line:609;code:throw new exceptionInit($msg, $code);
2016-01-18 12:59:16 [ERROR] : [2016-01-18 12:59:16]msg:Unknown column 'frds' in 'field list';file:G:\WebStation\frdsyst\initphp\initphp.php;line:609;code:throw new exceptionInit($msg, $code);
2016-01-18 13:01:32 [ERROR] : [2016-01-18 01:01:32]msg:Unknown column 'frds' in 'field list';file:G:\WebStation\frdsyst\initphp\initphp.php;line:609;code:throw new exceptionInit($msg, $code);
2016-01-18 14:25:02 [ERROR] : [2016-01-18 02:25:02]msg:Cannot add or update a child row: a foreign key constraint fails (`test2`.`user_friends`, CONSTRAINT `FK_Reference_10` FOREIGN KEY (`uid`) REFERENCES `users` (`uid`));file:G:\WebStation\frdsyst\initphp\initphp.php;line:609;code:throw new exceptionInit($msg, $code);
2016-01-18 14:30:14 [ERROR] : [2016-01-18 02:30:14]msg:Duplicate entry '0' for key 'PRIMARY';file:G:\WebStation\frdsyst\initphp\initphp.php;line:609;code:throw new exceptionInit($msg, $code);
2016-01-18 14:30:39 [ERROR] : [2016-01-18 02:30:39]msg:Duplicate entry '0' for key 'PRIMARY';file:G:\WebStation\frdsyst\initphp\initphp.php;line:609;code:throw new exceptionInit($msg, $code);
2016-01-18 14:51:12 [ERROR] : [2016-01-18 02:51:12]msg:Cannot add or update a child row: a foreign key constraint fails (`test2`.`group_members`, CONSTRAINT `FK_Reference_14` FOREIGN KEY (`rid`) REFERENCES `roles_member` (`rid`));file:G:\WebStation\frdsyst\initphp\initphp.php;line:609;code:throw new exceptionInit($msg, $code);
2016-01-18 14:51:19 [ERROR] : [2016-01-18 02:51:19]msg:Cannot add or update a child row: a foreign key constraint fails (`test2`.`group_members`, CONSTRAINT `FK_Reference_14` FOREIGN KEY (`rid`) REFERENCES `roles_member` (`rid`));file:G:\WebStation\frdsyst\initphp\initphp.php;line:609;code:throw new exceptionInit($msg, $code);
2016-01-18 14:58:18 [ERROR] : [2016-01-18 02:58:18]msg:Cannot add or update a child row: a foreign key constraint fails (`test2`.`group_members`, CONSTRAINT `FK_Reference_14` FOREIGN KEY (`rid`) REFERENCES `roles_access` (`rid`));file:G:\WebStation\frdsyst\initphp\initphp.php;line:609;code:throw new exceptionInit($msg, $code);
2016-01-18 15:01:54 [ERROR] : [2016-01-18 03:01:54]msg:Cannot add or update a child row: a foreign key constraint fails (`test2`.`group_members`, CONSTRAINT `FK_Reference_14` FOREIGN KEY (`rid`) REFERENCES `roles_access` (`rid`));file:G:\WebStation\frdsyst\initphp\initphp.php;line:609;code:throw new exceptionInit($msg, $code);
2016-01-18 15:03:57 [ERROR] : [2016-01-18 03:03:57]msg:Duplicate entry '0' for key 'PRIMARY';file:G:\WebStation\frdsyst\initphp\initphp.php;line:609;code:throw new exceptionInit($msg, $code);
2016-01-18 15:04:44 [ERROR] : [2016-01-18 03:04:44]msg:Duplicate entry '0' for key 'PRIMARY';file:G:\WebStation\frdsyst\initphp\initphp.php;line:609;code:throw new exceptionInit($msg, $code);
2016-01-18 15:05:10 [ERROR] : [2016-01-18 03:05:10]msg:Duplicate entry '0' for key 'PRIMARY';file:G:\WebStation\frdsyst\initphp\initphp.php;line:609;code:throw new exceptionInit($msg, $code);
2016-01-18 15:05:13 [ERROR] : [2016-01-18 03:05:13]msg:Duplicate entry '0' for key 'PRIMARY';file:G:\WebStation\frdsyst\initphp\initphp.php;line:609;code:throw new exceptionInit($msg, $code);
2016-01-18 15:05:16 [ERROR] : [2016-01-18 03:05:16]msg:Duplicate entry '0' for key 'PRIMARY';file:G:\WebStation\frdsyst\initphp\initphp.php;line:609;code:throw new exceptionInit($msg, $code);
2016-01-18 16:29:43 [ERROR] : [2016-01-18 04:29:43]msg:Unknown column 'urls' in 'field list';file:G:\WebStation\frdsyst\initphp\initphp.php;line:609;code:throw new exceptionInit($msg, $code);
2016-01-18 16:30:46 [ERROR] : [2016-01-18 04:30:46]msg:Unknown column 'urls' in 'field list';file:G:\WebStation\frdsyst\initphp\initphp.php;line:609;code:throw new exceptionInit($msg, $code);
2016-01-18 16:30:47 [ERROR] : [2016-01-18 04:30:47]msg:Unknown column 'urls' in 'field list';file:G:\WebStation\frdsyst\initphp\initphp.php;line:609;code:throw new exceptionInit($msg, $code);
2016-01-18 16:31:49 [ERROR] : [2016-01-18 04:31:49]msg:Unknown column 'urls' in 'field list';file:G:\WebStation\frdsyst\initphp\initphp.php;line:609;code:throw new exceptionInit($msg, $code);
2016-01-18 16:33:40 [ERROR] : [2016-01-18 04:33:40]msg:Unknown column 'urls' in 'field list';file:G:\WebStation\frdsyst\initphp\initphp.php;line:609;code:throw new exceptionInit($msg, $code);
2016-01-18 16:34:17 [ERROR] : [2016-01-18 04:34:17]msg:Unknown column 'urls' in 'field list';file:G:\WebStation\frdsyst\initphp\initphp.php;line:609;code:throw new exceptionInit($msg, $code);
